Training (MOBILENET) on (MNIST) with pretrained=True
Model parameters: 1.528 Million
Epoch 1 | Train Loss: 0.0708 | Train Accuracy: 97.86%                                                                                                                                            
Epoch 1 | Test Loss:  0.0472 | Test Accuracy:  98.58%                                                                                                                                            
--------------------
Epoch 2 | Train Loss: 0.0247 | Train Accuracy: 99.27%                                                                                                                                            
Epoch 2 | Test Loss:  0.0294 | Test Accuracy:  99.02%                                                                                                                                            
--------------------
Epoch 3 | Train Loss: 0.0204 | Train Accuracy: 99.39%                                                                                                                                            
Epoch 3 | Test Loss:  0.0965 | Test Accuracy:  97.16%                                                                                                                                            
--------------------
Epoch 4 | Train Loss: 0.0177 | Train Accuracy: 99.46%                                                                                                                                            
Epoch 4 | Test Loss:  0.0218 | Test Accuracy:  99.26%                                                                                                                                            
--------------------
Epoch 5 | Train Loss: 0.0129 | Train Accuracy: 99.63%                                                                                                                                            
Epoch 5 | Test Loss:  0.0296 | Test Accuracy:  99.12%                                                                                                                                            
--------------------
Epoch 6 | Train Loss: 0.0148 | Train Accuracy: 99.58%                                                                                                                                            
Epoch 6 | Test Loss:  0.0323 | Test Accuracy:  98.92%                                                                                                                                            
--------------------
Epoch 7 | Train Loss: 0.0128 | Train Accuracy: 99.61%                                                                                                                                            
Epoch 7 | Test Loss:  0.0207 | Test Accuracy:  99.31%                                                                                                                                            
--------------------
Epoch 8 | Train Loss: 0.0122 | Train Accuracy: 99.61%                                                                                                                                            
Epoch 8 | Test Loss:  0.0392 | Test Accuracy:  98.94%                                                                                                                                            
--------------------
Epoch 9 | Train Loss: 0.0097 | Train Accuracy: 99.70%                                                                                                                                            
Epoch 9 | Test Loss:  0.0184 | Test Accuracy:  99.49%                                                                                                                                            
--------------------
Epoch 10 | Train Loss: 0.0084 | Train Accuracy: 99.73%                                                                                                                                           
Epoch 10 | Test Loss:  0.0388 | Test Accuracy:  98.86%                                                                                                                                           
--------------------
Finished Training
Parameters: 1.528106 Million
Training time: 38.01 minutes
====================

Training (MOBILENET) on (FashionMNIST) with pretrained=True
Model parameters: 1.528 Million
Epoch 1 | Train Loss: 0.2695 | Train Accuracy: 90.49%                                                                                                                                            
Epoch 1 | Test Loss:  0.2341 | Test Accuracy:  91.77%                                                                                                                                            
--------------------
Epoch 2 | Train Loss: 0.1692 | Train Accuracy: 93.90%                                                                                                                                            
Epoch 2 | Test Loss:  0.2292 | Test Accuracy:  91.72%                                                                                                                                            
--------------------
Epoch 3 | Train Loss: 0.1401 | Train Accuracy: 94.94%                                                                                                                                            
Epoch 3 | Test Loss:  0.2242 | Test Accuracy:  92.04%                                                                                                                                            
--------------------
Epoch 4 | Train Loss: 0.1164 | Train Accuracy: 95.69%                                                                                                                                            
Epoch 4 | Test Loss:  0.2084 | Test Accuracy:  93.20%                                                                                                                                            
--------------------
Epoch 5 | Train Loss: 0.1030 | Train Accuracy: 96.27%                                                                                                                                            
Epoch 5 | Test Loss:  0.2257 | Test Accuracy:  92.50%                                                                                                                                            
--------------------
Epoch 6 | Train Loss: 0.0866 | Train Accuracy: 96.79%                                                                                                                                            
Epoch 6 | Test Loss:  0.2050 | Test Accuracy:  93.76%                                                                                                                                            
--------------------
Epoch 7 | Train Loss: 0.0728 | Train Accuracy: 97.39%                                                                                                                                            
Epoch 7 | Test Loss:  0.2489 | Test Accuracy:  92.54%                                                                                                                                            
--------------------
Epoch 8 | Train Loss: 0.0658 | Train Accuracy: 97.66%                                                                                                                                            
Epoch 8 | Test Loss:  0.2364 | Test Accuracy:  93.25%                                                                                                                                            
--------------------
Epoch 9 | Train Loss: 0.0538 | Train Accuracy: 98.05%                                                                                                                                            
Epoch 9 | Test Loss:  0.2740 | Test Accuracy:  92.23%                                                                                                                                            
--------------------
Epoch 10 | Train Loss: 0.0478 | Train Accuracy: 98.35%                                                                                                                                           
Epoch 10 | Test Loss:  0.2877 | Test Accuracy:  92.50%                                                                                                                                           
--------------------
Finished Training
Parameters: 1.528106 Million
Training time: 38.19 minutes
====================

Training (MOBILENET) on (CIFAR10) with pretrained=True
Model parameters: 1.528 Million
Epoch 1 | Train Loss: 0.3390 | Train Accuracy: 88.42%                                                                                                                                            
Epoch 1 | Test Loss:  0.2658 | Test Accuracy:  90.87%                                                                                                                                            
--------------------
Epoch 2 | Train Loss: 0.1598 | Train Accuracy: 94.48%                                                                                                                                            
Epoch 2 | Test Loss:  0.4306 | Test Accuracy:  85.62%                                                                                                                                            
--------------------
Epoch 3 | Train Loss: 0.1131 | Train Accuracy: 96.03%                                                                                                                                            
Epoch 3 | Test Loss:  0.3201 | Test Accuracy:  90.12%                                                                                                                                            
--------------------
Epoch 4 | Train Loss: 0.0898 | Train Accuracy: 96.76%                                                                                                                                            
Epoch 4 | Test Loss:  0.3239 | Test Accuracy:  90.39%                                                                                                                                            
--------------------
Epoch 5 | Train Loss: 0.0683 | Train Accuracy: 97.60%                                                                                                                                            
Epoch 5 | Test Loss:  0.2935 | Test Accuracy:  91.33%                                                                                                                                            
--------------------
Epoch 6 | Train Loss: 0.0596 | Train Accuracy: 97.95%                                                                                                                                            
Epoch 6 | Test Loss:  0.3035 | Test Accuracy:  91.50%                                                                                                                                            
--------------------
Epoch 7 | Train Loss: 0.0545 | Train Accuracy: 98.07%                                                                                                                                            
Epoch 7 | Test Loss:  0.4230 | Test Accuracy:  88.84%                                                                                                                                            
--------------------
Epoch 8 | Train Loss: 0.0498 | Train Accuracy: 98.28%                                                                                                                                            
Epoch 8 | Test Loss:  0.3464 | Test Accuracy:  91.90%                                                                                                                                            
--------------------
Epoch 9 | Train Loss: 0.0427 | Train Accuracy: 98.49%                                                                                                                                            
Epoch 9 | Test Loss:  0.3606 | Test Accuracy:  90.99%                                                                                                                                            
--------------------
Epoch 10 | Train Loss: 0.0432 | Train Accuracy: 98.54%                                                                                                                                           
Epoch 10 | Test Loss:  0.4093 | Test Accuracy:  89.78%                                                                                                                                           
--------------------
Finished Training
Parameters: 1.528106 Million
Training time: 32.17 minutes
====================
====================

Training (MOBILENET) on (CIFAR100) with pretrained=True
Model parameters: 1.620 Million
Epoch 1 | Train Loss: 1.3197 | Train Accuracy: 62.68%                                                                                                                                            
Epoch 1 | Test Loss:  1.0003 | Test Accuracy:  69.59%                                                                                                                                            
--------------------
Epoch 2 | Train Loss: 0.7005 | Train Accuracy: 78.14%                                                                                                                                            
Epoch 2 | Test Loss:  1.0221 | Test Accuracy:  70.45%                                                                                                                                            
--------------------
Epoch 3 | Train Loss: 0.5085 | Train Accuracy: 83.90%                                                                                                                                            
Epoch 3 | Test Loss:  0.9979 | Test Accuracy:  72.40%                                                                                                                                            
--------------------
Epoch 4 | Train Loss: 0.3856 | Train Accuracy: 87.39%                                                                                                                                            
Epoch 4 | Test Loss:  0.9021 | Test Accuracy:  74.36%                                                                                                                                            
--------------------
Epoch 5 | Train Loss: 0.2999 | Train Accuracy: 90.08%                                                                                                                                            
Epoch 5 | Test Loss:  1.0199 | Test Accuracy:  73.27%                                                                                                                                            
--------------------
Epoch 6 | Train Loss: 0.2437 | Train Accuracy: 91.71%                                                                                                                                            
Epoch 6 | Test Loss:  1.0422 | Test Accuracy:  73.73%                                                                                                                                            
--------------------
Epoch 7 | Train Loss: 0.2120 | Train Accuracy: 92.82%                                                                                                                                            
Epoch 7 | Test Loss:  1.0887 | Test Accuracy:  73.82%                                                                                                                                            
--------------------
Epoch 8 | Train Loss: 0.1772 | Train Accuracy: 94.01%                                                                                                                                            
Epoch 8 | Test Loss:  1.2910 | Test Accuracy:  71.22%                                                                                                                                            
--------------------
Epoch 9 | Train Loss: 0.1547 | Train Accuracy: 94.77%                                                                                                                                            
Epoch 9 | Test Loss:  1.4641 | Test Accuracy:  67.85%                                                                                                                                            
--------------------
Epoch 10 | Train Loss: 0.1472 | Train Accuracy: 95.10%                                                                                                                                           
Epoch 10 | Test Loss:  1.1412 | Test Accuracy:  75.67%                                                                                                                                           
--------------------
Finished Training
Parameters: 1.620356 Million
Training time: 31.49 minutes